<?xml version="1.0" encoding="UTF-8"?>
<testng-results ignored="0" total="1" passed="1" failed="0" skipped="0">
  <reporter-output>
  </reporter-output>
  <suite started-at="2021-08-31T17:49:14 NZST" name="Command line suite" finished-at="2021-08-31T17:50:06 NZST" duration-ms="52069">
    <groups>
    </groups>
    <test started-at="2021-08-31T17:49:14 NZST" name="Command line test" finished-at="2021-08-31T17:50:06 NZST" duration-ms="52069">
      <class name="InvokeLayer.BuggyRatingTest">
        <test-method is-config="true" signature="beforeMethod()[pri:0, instance:InvokeLayer.BuggyRatingTest@7e0b0338]" started-at="2021-08-31T17:49:14 NZST" name="beforeMethod" finished-at="2021-08-31T17:49:24 NZST" duration-ms="10252" status="PASS">
          <reporter-output>
          </reporter-output>
        </test-method> <!-- beforeMethod -->
        <test-method signature="functionalTest()[pri:0, instance:InvokeLayer.BuggyRatingTest@7e0b0338]" started-at="2021-08-31T17:49:24 NZST" name="functionalTest" finished-at="2021-08-31T17:50:02 NZST" duration-ms="37636" status="PASS">
          <reporter-output>
          </reporter-output>
        </test-method> <!-- functionalTest -->
        <test-method is-config="true" signature="afterMethod()[pri:0, instance:InvokeLayer.BuggyRatingTest@7e0b0338]" started-at="2021-08-31T17:50:02 NZST" name="afterMethod" finished-at="2021-08-31T17:50:06 NZST" duration-ms="4142" status="PASS">
          <reporter-output>
          </reporter-output>
        </test-method> <!-- afterMethod -->
      </class> <!-- InvokeLayer.BuggyRatingTest -->
    </test> <!-- Command line test -->
  </suite> <!-- Command line suite -->
</testng-results>
